0 info it worked if it ends with ok
1 verbose cli [ 'C:\\Program Files\\nodejs\\node.exe',
1 verbose cli   'C:\\Program Files\\nodejs\\node_modules\\npm\\bin\\npm-cli.js',
1 verbose cli   'i',
1 verbose cli   'keys.js' ]
2 info using npm@3.10.10
3 info using node@v6.9.5
4 silly loadCurrentTree Starting
5 silly install loadCurrentTree
6 silly install readLocalPackageData
7 silly fetchPackageMetaData keys.js
8 silly fetchOtherPackageData keys.js
9 silly cache add args [ 'keys.js', null ]
10 verbose cache add spec keys.js
11 silly cache add parsed spec Result {
11 silly cache add   raw: 'keys.js',
11 silly cache add   scope: null,
11 silly cache add   escapedName: 'keys.js',
11 silly cache add   name: null,
11 silly cache add   rawSpec: 'keys.js',
11 silly cache add   spec: 'C:\\Users\\super_000\\code\\liri-node-app\\keys.js',
11 silly cache add   type: 'local' }
12 silly addLocalTarball shasum (computed) 32040b2d4c940f2835d943ac1700e0148a71d2d7
13 verbose addTmpTarball C:\Users\super_000\code\liri-node-app\keys.js not in flight; adding
14 verbose correctMkdir C:\Users\super_000\AppData\Roaming\npm-cache correctMkdir not in flight; initializing
15 verbose addTmpTarball validating metadata from C:\Users\super_000\code\liri-node-app\keys.js
16 verbose tar unpack C:\Users\super_000\code\liri-node-app\keys.js
17 verbose tar unpacking to C:\Users\SUPER_~1\AppData\Local\Temp\npm-11120-735c4c48\unpack-75910b0e
18 silly gentlyRm C:\Users\SUPER_~1\AppData\Local\Temp\npm-11120-735c4c48\unpack-75910b0e is being purged
19 verbose gentlyRm don't care about contents; nuking C:\Users\SUPER_~1\AppData\Local\Temp\npm-11120-735c4c48\unpack-75910b0e
20 silly gunzTarPerm modes [ '777', '666' ]
21 error not a package C:\Users\super_000\code\liri-node-app\keys.js
22 error addLocal Could not install C:\Users\super_000\code\liri-node-app\keys.js
23 silly fetchPackageMetaData Error: ENOENT: no such file or directory, open 'C:\Users\SUPER_~1\AppData\Local\Temp\npm-11120-735c4c48\unpack-75910b0e\package.json'
23 silly fetchPackageMetaData     at Error (native)
23 silly fetchPackageMetaData  error for keys.js { Error: ENOENT: no such file or directory, open 'C:\Users\SUPER_~1\AppData\Local\Temp\npm-11120-735c4c48\unpack-75910b0e\package.json'
23 silly fetchPackageMetaData     at Error (native)
23 silly fetchPackageMetaData   errno: -4058,
23 silly fetchPackageMetaData   code: 'ENOENT',
23 silly fetchPackageMetaData   syscall: 'open',
23 silly fetchPackageMetaData   path: 'C:\\Users\\SUPER_~1\\AppData\\Local\\Temp\\npm-11120-735c4c48\\unpack-75910b0e\\package.json' }
24 silly rollbackFailedOptional Starting
25 silly rollbackFailedOptional Finishing
26 silly runTopLevelLifecycles Finishing
27 silly install printInstalled
28 verbose stack Error: ENOENT: no such file or directory, open 'C:\Users\SUPER_~1\AppData\Local\Temp\npm-11120-735c4c48\unpack-75910b0e\package.json'
28 verbose stack     at Error (native)
29 verbose cwd C:\Users\super_000\code\liri-node-app
30 error Windows_NT 6.3.9600
31 error argv "C:\\Program Files\\nodejs\\node.exe" "C:\\Program Files\\nodejs\\node_modules\\npm\\bin\\npm-cli.js" "i" "keys.js"
32 error node v6.9.5
33 error npm  v3.10.10
34 error path C:\Users\SUPER_~1\AppData\Local\Temp\npm-11120-735c4c48\unpack-75910b0e\package.json
35 error code ENOENT
36 error errno -4058
37 error syscall open
38 error enoent ENOENT: no such file or directory, open 'C:\Users\SUPER_~1\AppData\Local\Temp\npm-11120-735c4c48\unpack-75910b0e\package.json'
39 error enoent ENOENT: no such file or directory, open 'C:\Users\SUPER_~1\AppData\Local\Temp\npm-11120-735c4c48\unpack-75910b0e\package.json'
39 error enoent This is most likely not a problem with npm itself
39 error enoent and is related to npm not being able to find a file.
40 verbose exit [ -4058, true ]
